<?xml version="1.0" encoding="UTF-8"?>
<!-- Generated by org.testng.reporters.JUnitReportReporter -->
<testsuite hostname="Navpreet" failures="0" tests="2" name="E2eDevelopment.HomePage" time="80.089" errors="0" timestamp="2022-03-16T12:59:46 EDT" skipped="0">
  <testcase classname="E2eDevelopment.HomePage" name="HomePage" time="34.679"/>
  <system-out/>
  <testcase classname="E2eDevelopment.HomePage" name="HomePage" time="45.410"/>
  <system-out/>
</testsuite> <!-- E2eDevelopment.HomePage -->
