<?xml version="1.0" encoding="UTF-8"?>
<!-- Generated by org.testng.reporters.JUnitReportReporter -->
<testsuite hostname="Navpreet" failures="0" tests="1" name="E2eDevelopment.AppTest" time="0.005" errors="0" timestamp="2022-03-10T14:44:15 EST" skipped="0">
  <testcase classname="E2eDevelopment.AppTest" name="shouldAnswerWithTrue" time="0.005"/>
  <system-out/>
</testsuite> <!-- E2eDevelopment.AppTest -->
