<?xml version="1.0" encoding="UTF-8"?>
<!-- Generated by org.testng.reporters.JUnitReportReporter -->
<testsuite hostname="Navpreet" failures="0" tests="2" name="E2eDevelopment.HomePage" time="55.306" errors="0" timestamp="2022-03-10T16:49:56 EST" skipped="0">
  <testcase classname="E2eDevelopment.HomePage" name="baseClassNavigation" time="23.792"/>
  <system-out/>
  <testcase classname="E2eDevelopment.HomePage" name="baseClassNavigation" time="31.514"/>
  <system-out/>
</testsuite> <!-- E2eDevelopment.HomePage -->
